<?xml version="1.0" encoding="UTF-8"?>
<!-- Generated by org.testng.reporters.JUnitXMLReporter -->
<testsuite hostname="LIN16007873" ignored="0" name="Default test" tests="1" failures="0" timestamp="01 Apr 2021 13:49:15 GMT" time="0.138" errors="0">
  <testcase name="@BeforeMethod initializeBrowser" time="0.0" classname="resources.BaseTest">
    <failure type="org.testng.TestNGException" message="
Parameter &amp;apos;os&amp;apos; is required by BeforeMethod on method initializeBrowser but has not been marked @Optional or defined
in C:\Users\kshubham\AppData\Local\Temp\testng-eclipse--868039830\testng-customsuite.xml">
      <![CDATA[org.testng.TestNGException: 
Parameter 'os' is required by BeforeMethod on method initializeBrowser but has not been marked @Optional or defined
in C:\Users\kshubham\AppData\Local\Temp\testng-eclipse--868039830\testng-customsuite.xml
at org.testng.internal.Parameters.createParams(Parameters.java:290)
at org.testng.internal.Parameters.createParametersForMethod(Parameters.java:359)
at org.testng.internal.Parameters.createParameters(Parameters.java:620)
at org.testng.internal.Parameters.createConfigurationParameters(Parameters.java:190)
at org.testng.internal.Invoker.invokeConfigurations(Invoker.java:209)
at org.testng.internal.Invoker.invokeMethod(Invoker.java:523)
at org.testng.internal.Invoker.invokeTestMethod(Invoker.java:719)
at org.testng.internal.Invoker.invokeTestMethods(Invoker.java:989)
at org.testng.internal.TestMethodWorker.invokeTestMethods(TestMethodWorker.java:125)
at org.testng.internal.TestMethodWorker.run(TestMethodWorker.java:109)
at org.testng.TestRunner.privateRun(TestRunner.java:648)
at org.testng.TestRunner.run(TestRunner.java:505)
at org.testng.SuiteRunner.runTest(SuiteRunner.java:455)
at org.testng.SuiteRunner.runSequentially(SuiteRunner.java:450)
at org.testng.SuiteRunner.privateRun(SuiteRunner.java:415)
at org.testng.SuiteRunner.run(SuiteRunner.java:364)
at org.testng.SuiteRunnerWorker.runSuite(SuiteRunnerWorker.java:52)
at org.testng.SuiteRunnerWorker.run(SuiteRunnerWorker.java:84)
at org.testng.TestNG.runSuitesSequentially(TestNG.java:1208)
at org.testng.TestNG.runSuitesLocally(TestNG.java:1137)
at org.testng.TestNG.runSuites(TestNG.java:1049)
at org.testng.TestNG.run(TestNG.java:1017)
at org.testng.remote.AbstractRemoteTestNG.run(AbstractRemoteTestNG.java:132)
at org.testng.remote.RemoteTestNG.initAndRun(RemoteTestNG.java:230)
at org.testng.remote.RemoteTestNG.main(RemoteTestNG.java:76)
]]>
    </failure>
  </testcase> <!-- @BeforeMethod initializeBrowser -->
  <testcase name="@AfterMethod tearDown" time="0.0" classname="resources.BaseTest">
    <skipped/>
  </testcase> <!-- @AfterMethod tearDown -->
  <testcase name="flipkart" time="0.0" classname="testCases.Testcase1">
    <skipped/>
  </testcase> <!-- flipkart -->
</testsuite> <!-- Default test -->
