<?xml version="1.0" encoding="UTF-8"?>
<testng-results skipped="0" failed="0" ignored="0" total="2" passed="2">
  <reporter-output>
  </reporter-output>
  <suite name="Suite" duration-ms="150848" started-at="2021-04-01T15:05:24Z" finished-at="2021-04-01T15:07:55Z">
    <groups>
    </groups>
    <test name="Test-chrome" duration-ms="84498" started-at="2021-04-01T15:05:24Z" finished-at="2021-04-01T15:06:49Z">
      <class name="testCases.Testcase1">
        <test-method status="PASS" signature="initializeBrowser(java.lang.String, java.lang.String, java.lang.String, java.lang.String)[pri:0, instance:testCases.Testcase1@28dcca0c]" name="initializeBrowser" is-config="true" duration-ms="20685" started-at="2021-04-01T15:05:24Z" finished-at="2021-04-01T15:05:45Z">
          <params>
            <param index="0">
              <value>
                <![CDATA[Windows]]>
              </value>
            </param>
            <param index="1">
              <value>
                <![CDATA[10]]>
              </value>
            </param>
            <param index="2">
              <value>
                <![CDATA[Chrome]]>
              </value>
            </param>
            <param index="3">
              <value>
                <![CDATA[latest]]>
              </value>
            </param>
          </params>
          <reporter-output>
          </reporter-output>
        </test-method> <!-- initializeBrowser -->
        <test-method status="PASS" signature="flipkart()[pri:0, instance:testCases.Testcase1@28dcca0c]" name="flipkart" duration-ms="61979" started-at="2021-04-01T15:05:45Z" finished-at="2021-04-01T15:06:47Z">
          <reporter-output>
          </reporter-output>
        </test-method> <!-- flipkart -->
        <test-method status="PASS" signature="tearDown()[pri:0, instance:testCases.Testcase1@28dcca0c]" name="tearDown" is-config="true" duration-ms="1793" started-at="2021-04-01T15:06:47Z" finished-at="2021-04-01T15:06:49Z">
          <reporter-output>
          </reporter-output>
        </test-method> <!-- tearDown -->
      </class> <!-- testCases.Testcase1 -->
    </test> <!-- Test-chrome -->
    <test name="Test-firefox" duration-ms="64907" started-at="2021-04-01T15:06:50Z" finished-at="2021-04-01T15:07:55Z">
      <class name="testCases.Testcase1">
        <test-method status="PASS" signature="initializeBrowser(java.lang.String, java.lang.String, java.lang.String, java.lang.String)[pri:0, instance:testCases.Testcase1@239a307b]" name="initializeBrowser" is-config="true" duration-ms="13995" started-at="2021-04-01T15:06:50Z" finished-at="2021-04-01T15:07:04Z">
          <params>
            <param index="0">
              <value>
                <![CDATA[Windows]]>
              </value>
            </param>
            <param index="1">
              <value>
                <![CDATA[10]]>
              </value>
            </param>
            <param index="2">
              <value>
                <![CDATA[Firefox]]>
              </value>
            </param>
            <param index="3">
              <value>
                <![CDATA[latest]]>
              </value>
            </param>
          </params>
          <reporter-output>
          </reporter-output>
        </test-method> <!-- initializeBrowser -->
        <test-method status="PASS" signature="flipkart()[pri:0, instance:testCases.Testcase1@239a307b]" name="flipkart" duration-ms="48947" started-at="2021-04-01T15:07:04Z" finished-at="2021-04-01T15:07:53Z">
          <reporter-output>
          </reporter-output>
        </test-method> <!-- flipkart -->
        <test-method status="PASS" signature="tearDown()[pri:0, instance:testCases.Testcase1@239a307b]" name="tearDown" is-config="true" duration-ms="1938" started-at="2021-04-01T15:07:53Z" finished-at="2021-04-01T15:07:55Z">
          <reporter-output>
          </reporter-output>
        </test-method> <!-- tearDown -->
      </class> <!-- testCases.Testcase1 -->
    </test> <!-- Test-firefox -->
  </suite> <!-- Suite -->
</testng-results>
